<?xml version="1.0" encoding="utf-8"?><testsuites name="pytest tests"><testsuite name="pytest" errors="0" failures="0" skipped="0" tests="20" time="3.985" timestamp="2026-09-22T20:10:22.336339+08:00" hostname="YaoWY"><testcase classname="osd_tracedraft.tests.test_core" name="test_metrics_count_pooling" time="0.001" /><testcase classname="osd_tracedraft.tests.test_core" name="test_vicuna_prompt" time="0.001" /><testcase classname="osd_tracedraft.tests.test_core" name="test_cli_defaults" time="0.002" /><testcase classname="osd_tracedraft.tests.test_core" name="test_mapping" time="0.001" /><testcase classname="osd_tracedraft.tests.test_core" name="test_first_unroll_matches_inference" time="0.016" /><testcase classname="osd_tracedraft.tests.test_core" name="test_checkpoint_recomputation_seven_step_gradients" time="0.161" /><testcase classname="osd_tracedraft.tests.test_core" name="test_teacher_alignment" time="0.013" /><testcase classname="osd_tracedraft.tests.test_core" name="test_checkpoint_master_precision" time="0.032" /><testcase classname="osd_tracedraft.tests.test_core" name="test_osd_training_and_optimizer_resume" time="0.151" /><testcase classname="osd_tracedraft.tests.test_core" name="test_real_inference_reset_and_records" time="0.332" /><testcase classname="osd_tracedraft.tests.test_core" name="test_prompt_truncation" time="0.008" /><testcase classname="osd_tracedraft.tests.test_core" name="test_block_persistent_replay_and_anchor_are_recorded" time="0.214" /><testcase classname="osd_tracedraft.tests.test_core" name="test_empty_supervision_cannot_decay_weights" time="0.023" /><testcase classname="osd_tracedraft.tests.test_core" name="test_metrics_reject_inconsistent_counts" time="0.001" /><testcase classname="osd_tracedraft.tests.test_core" name="test_target_from_pretrained_and_saved_draft_round_trip" time="0.177" /><testcase classname="osd_tracedraft.tests.test_pipeline" name="test_all_four_methods_real_cpu_pipeline_and_resume" time="2.635" /><testcase classname="osd_tracedraft.tests.test_pipeline" name="test_queue_plan_order_and_count_validation" time="0.011" /><testcase classname="osd_tracedraft.tests.test_pipeline" name="test_queue_single_gpu_and_failure_continuation" time="0.053" /><testcase classname="osd_tracedraft.tests.test_pipeline" name="test_modern_rope_matches_transformers" time="0.027" /><testcase classname="osd_tracedraft.tests.test_source_alignment" name="test_seven_step_recurrence_matches_onlinespec_source" time="0.042" /></testsuite></testsuites>