<?xml version="1.0" encoding="utf-8"?><testsuites name="pytest tests"><testsuite name="pytest" errors="0" failures="0" skipped="0" tests="33" time="38.280" timestamp="2026-09-23T14:29:50.200540+08:00" hostname="YaoWY"><testcase classname="onlineSpec-trace.tests.test_ensemble" name="test_meta_weights_match_upstream" time="0.021" /><testcase classname="onlineSpec-trace.tests.test_ensemble" name="test_meta_rejects_bad_losses[values0]" time="0.001" /><testcase classname="onlineSpec-trace.tests.test_ensemble" name="test_meta_rejects_bad_losses[values1]" time="0.001" /><testcase classname="onlineSpec-trace.tests.test_ensemble" name="test_meta_rejects_bad_losses[values2]" time="0.001" /><testcase classname="onlineSpec-trace.tests.test_ensemble" name="test_meta_rejects_bad_losses[values3]" time="0.001" /><testcase classname="onlineSpec-trace.tests.test_ensemble" name="test_two_update_policies_are_distinct" time="0.001" /><testcase classname="onlineSpec-trace.tests.test_ensemble" name="test_meta_loss_is_upstream_unweighted_epoch_batch_mean" time="0.001" /><testcase classname="onlineSpec-trace.tests.test_ensemble" name="test_merge_values_and_frozen_vocab_mapping[fp32]" time="0.240" /><testcase classname="onlineSpec-trace.tests.test_ensemble" name="test_merge_values_and_frozen_vocab_mapping[upstream_bf16]" time="0.096" /><testcase classname="onlineSpec-trace.tests.test_ensemble" name="test_merge_refuses_different_mappings" time="0.063" /><testcase classname="onlineSpec-trace.tests.test_ensemble" name="test_runtime_configuration_keeps_outer_controls_matched" time="0.001" /><testcase classname="onlineSpec-trace.tests.test_ensemble" name="test_invalid_settings[kw0]" time="0.002" /><testcase classname="onlineSpec-trace.tests.test_ensemble" name="test_invalid_settings[kw1]" time="0.001" /><testcase classname="onlineSpec-trace.tests.test_ensemble" name="test_invalid_settings[kw2]" time="0.001" /><testcase classname="onlineSpec-trace.tests.test_ensemble" name="test_invalid_settings[kw3]" time="0.001" /><testcase classname="onlineSpec-trace.tests.test_pipeline" name="test_full_pair_has_identical_outer_models_and_correct_accounting[hedge]" time="6.587" /><testcase classname="onlineSpec-trace.tests.test_pipeline" name="test_full_pair_has_identical_outer_models_and_correct_accounting[ens]" time="6.068" /><testcase classname="onlineSpec-trace.tests.test_pipeline" name="test_resume_restarts_only_unfinished_block" time="3.524" /><testcase classname="onlineSpec-trace.tests.test_pipeline" name="test_comparison_rejects_config_and_checkpoint_drift" time="6.023" /><testcase classname="onlineSpec-trace.tests.test_pipeline" name="test_dry_run_counts_all_learners" time="0.036" /><testcase classname="onlineSpec-trace.tests.test_pipeline" name="test_output_mismatch_emits_diagnostics_without_speedup" time="0.026" /><testcase classname="onlineSpec-trace.tests.test_pipeline" name="test_three_way_runner_keeps_standalone_trace_free_of_outer_training[hedge]" time="7.805" /><testcase classname="onlineSpec-trace.tests.test_pipeline" name="test_three_way_runner_keeps_standalone_trace_free_of_outer_training[ens]" time="7.472" /><testcase classname="onlineSpec-trace.tests.test_queue" name="test_queue_short_datasets_first_and_no_duplicate_pairs" time="0.018" /><testcase classname="onlineSpec-trace.tests.test_source_alignment" name="test_seven_step_recurrence_matches_onlinespec_source" time="0.050" /><testcase classname="onlineSpec-trace.tests.test_trace_safety" name="test_fp32_norm_survives_sub_fp16_parameter_update" time="0.002" /><testcase classname="onlineSpec-trace.tests.test_trace_safety" name="test_full_and_basic_diagnostics_do_not_change_updates" time="0.024" /><testcase classname="onlineSpec-trace.tests.test_trace_safety" name="test_guard_rolls_back_live_master_optimizer_replay_and_rng" time="0.012" /><testcase classname="onlineSpec-trace.tests.test_trace_safety" name="test_validation_exception_restores_parameters" time="0.010" /><testcase classname="onlineSpec-trace.tests.test_trace_safety" name="test_missing_holdout_skips_without_advancing_state" time="0.012" /><testcase classname="onlineSpec-trace.tests.test_trace_safety" name="test_basic_large_head_marks_sampled_statistics_explicitly" time="0.003" /><testcase classname="onlineSpec-trace.tests.test_trace_safety" name="test_prompt_presampling_matches_original_reservoir_decisions" time="0.005" /><testcase classname="onlineSpec-trace.tests.test_trace_safety" name="test_fp32_norm_keeps_legacy_output_before_adaptation" time="0.002" /></testsuite></testsuites>